<?xml version="1.0" encoding="UTF-8"?>
<!-- Generated by org.testng.reporters.JUnitXMLReporter -->
<testsuite ignored="2" hostname="DESKTOP-LIHQ7GQ" failures="0" tests="1" name="Default test(failed)" time="0.094" errors="0" timestamp="2023-10-24T22:40:21 IST">
  <testcase classname="testNgxample.AssignQues11" name="testCase2" time="0.014">
    <skipped/>
  </testcase> <!-- testCase2 -->
  <testcase classname="testNgxample.AssignQues11" name="testCase3" time="0.0">
    <ignored/>
  </testcase> <!-- testCase3 -->
  <testcase classname="testNgxample.AssignQues11" name="testCase1" time="0.0">
    <ignored/>
  </testcase> <!-- testCase1 -->
</testsuite> <!-- Default test(failed) -->
