<?xml version="1.0" encoding="UTF-8"?>
<!-- Generated by org.testng.reporters.JUnitXMLReporter -->
<testsuite ignored="0" hostname="DESKTOP-LIHQ7GQ" failures="0" tests="3" name="Default test" time="80.537" errors="0" timestamp="2023-10-31T20:19:01 IST">
  <testcase classname="testNgxample.AssignQues5" name="loginDetails" time="45.529"/>
  <testcase classname="testNgxample.AssignQues5" name="loginDetails" time="13.582"/>
  <testcase classname="testNgxample.AssignQues5" name="loginDetails" time="21.29"/>
</testsuite> <!-- Default test -->
