<?xml version="1.0" encoding="UTF-8"?>
<!-- Generated by org.testng.reporters.JUnitXMLReporter -->
<testsuite ignored="1" hostname="DESKTOP-LIHQ7GQ" failures="0" tests="22" name="Test" time="24.648" errors="0" timestamp="2023-10-24T22:43:06 IST">
  <testcase classname="testNgxample.HardAssertNotReccomanded" name="titleandTextVerification" time="9.33"/>
  <testcase classname="testNgxample.AllAnnotationExample" name="Test1" time="0.005"/>
  <testcase classname="testNgxample.AllAnnotationExample" name="Test2" time="0.001"/>
  <testcase classname="testNgxample.AssignQues10" name="Test1" time="0.003"/>
  <testcase classname="testNgxample.AssignQues10" name="Test2" time="0.003"/>
  <testcase classname="testNgxample.AssignQues11" name="testCase1" time="0.003"/>
  <testcase classname="testNgxample.AssignQues11" name="testCase2" time="0.007">
    <skipped/>
  </testcase> <!-- testCase2 -->
  <testcase classname="testNgxample.AssignQues11" name="testCase3" time="0.004"/>
  <testcase classname="testNgxample.PriorityExample" name="homepage" time="0.002"/>
  <testcase classname="testNgxample.PriorityExample" name="bloginTest" time="0.003"/>
  <testcase classname="testNgxample.PriorityExample" name="alogoutTest" time="0.004"/>
  <testcase classname="testNgxample.GroupsExample" name="aTest4" time="0.002"/>
  <testcase classname="testNgxample.GroupsExample" name="bTest3" time="0.005"/>
  <testcase classname="testNgxample.GroupsExample" name="aTest1" time="0.004"/>
  <testcase classname="testNgxample.GroupsExample" name="bTest2" time="0.003"/>
  <testcase classname="testNgxample.SkipTestExample" name="skipTest2" time="0.001">
    <skipped/>
  </testcase> <!-- skipTest2 -->
  <testcase classname="testNgxample.SkipTestExample" name="skipTest3" time="0.002">
    <skipped/>
  </testcase> <!-- skipTest3 -->
  <testcase classname="testNgxample.AssertExample" name="titleTest1" time="5.479"/>
  <testcase classname="testNgxample.AssertExample" name="titleTest2" time="4.886"/>
  <testcase classname="testNgxample.DependsOnMethodsEx" name="Testcase2" time="0.002"/>
  <testcase classname="testNgxample.DependsOnMethodsEx" name="Testcase1" time="0.002"/>
  <testcase classname="testNgxample.SoftAssertExample" name="verifcationTitleText" time="4.645"/>
  <testcase classname="testNgxample.SkipTestExample" name="skipTest1" time="0.0">
    <ignored/>
  </testcase> <!-- skipTest1 -->
</testsuite> <!-- Test -->
