<?xml version="1.0" encoding="UTF-8"?>
<!-- Generated by org.testng.reporters.JUnitXMLReporter -->
<testsuite ignored="2" hostname="DESKTOP-LIHQ7GQ" failures="0" tests="2" name="GRP-bvt" time="0.134" errors="0" timestamp="2023-10-24T14:10:42 IST">
  <testcase classname="testNgxample.GroupsExample" name="aTest4" time="0.012"/>
  <testcase classname="testNgxample.GroupsExample" name="bTest3" time="0.003"/>
  <testcase classname="testNgxample.GroupsExample" name="bTest2" time="0.0">
    <ignored/>
  </testcase> <!-- bTest2 -->
  <testcase classname="testNgxample.GroupsExample" name="aTest1" time="0.0">
    <ignored/>
  </testcase> <!-- aTest1 -->
</testsuite> <!-- GRP-bvt -->
