<?xml version="1.0" encoding="UTF-8"?>
<!-- Generated by org.testng.reporters.JUnitXMLReporter -->
<testsuite ignored="1" hostname="DESKTOP-LIHQ7GQ" failures="0" tests="3" name="GRP-regression" time="0.182" errors="0" timestamp="2023-10-24T14:10:21 IST">
  <testcase classname="testNgxample.GroupsExample" name="bTest3" time="0.02"/>
  <testcase classname="testNgxample.GroupsExample" name="aTest1" time="0.006"/>
  <testcase classname="testNgxample.GroupsExample" name="bTest2" time="0.002"/>
  <testcase classname="testNgxample.GroupsExample" name="aTest4" time="0.0">
    <ignored/>
  </testcase> <!-- aTest4 -->
</testsuite> <!-- GRP-regression -->
