<?xml version="1.0" encoding="UTF-8"?>
<!-- Generated by org.testng.reporters.JUnitXMLReporter -->
<testsuite ignored="0" hostname="DESKTOP-LIHQ7GQ" failures="0" tests="4" name="GRP-bvt,regression" time="0.159" errors="0" timestamp="2023-10-16T15:25:06 IST">
  <testcase classname="testNgxample.GroupsExample" name="aTest4" time="0.017"/>
  <testcase classname="testNgxample.GroupsExample" name="bTest3" time="0.009"/>
  <testcase classname="testNgxample.GroupsExample" name="aTest1" time="0.002"/>
  <testcase classname="testNgxample.GroupsExample" name="bTest2" time="0.005"/>
</testsuite> <!-- GRP-bvt,regression -->
