<?xml version="1.0" encoding="UTF-8"?>
<!-- Generated by org.testng.reporters.JUnitXMLReporter -->
<testsuite ignored="3" hostname="DESKTOP-LIHQ7GQ" failures="0" tests="3" name="Regression" time="0.138" errors="0" timestamp="2023-10-16T16:00:59 IST">
  <testcase classname="testNgxample.GroupsExample" name="bTest3" time="0.016"/>
  <testcase classname="testNgxample.GroupsExample" name="aTest1" time="0.008"/>
  <testcase classname="testNgxample.GroupsExample" name="bTest2" time="0.003"/>
  <testcase classname="testNgxample.GroupsExample" name="aTest4" time="0.0">
    <ignored/>
  </testcase> <!-- aTest4 -->
  <testcase classname="testNgxample.AssertExample" name="titleTest1" time="0.0">
    <ignored/>
  </testcase> <!-- titleTest1 -->
  <testcase classname="testNgxample.AssertExample" name="titleTest2" time="0.0">
    <ignored/>
  </testcase> <!-- titleTest2 -->
</testsuite> <!-- Regression -->
