<?xml version="1.0" encoding="UTF-8"?>
<testng-results ignored="0" total="3" passed="3" failed="0" skipped="0">
  <reporter-output>
  </reporter-output>
  <suite started-at="2023-10-31T20:17:40 IST" name="Default suite" finished-at="2023-10-31T20:19:00 IST" duration-ms="80537">
    <groups>
    </groups>
    <test started-at="2023-10-31T20:17:40 IST" name="Default test" finished-at="2023-10-31T20:19:00 IST" duration-ms="80537">
      <class name="testNgxample.AssignQues5">
        <test-method signature="loginDetails(java.lang.String,java.lang.String)[pri:0, instance:testNgxample.AssignQues5@196a42c3]" started-at="2023-10-31T20:17:40 IST" name="loginDetails" data-provider="Cridential" finished-at="2023-10-31T20:18:26 IST" duration-ms="45529" status="PASS">
          <params>
            <param index="0">
              <value>
                <![CDATA[Admin]]>
              </value>
            </param>
            <param index="1">
              <value>
                <![CDATA[admin123]]>
              </value>
            </param>
          </params>
          <reporter-output>
          </reporter-output>
        </test-method> <!-- loginDetails -->
        <test-method signature="loginDetails(java.lang.String,java.lang.String)[pri:0, instance:testNgxample.AssignQues5@196a42c3]" started-at="2023-10-31T20:18:26 IST" name="loginDetails" data-provider="Cridential" finished-at="2023-10-31T20:18:39 IST" duration-ms="13582" status="PASS">
          <params>
            <param index="0">
              <value>
                <![CDATA[admin]]>
              </value>
            </param>
            <param index="1">
              <value>
                <![CDATA[Admin123]]>
              </value>
            </param>
          </params>
          <reporter-output>
          </reporter-output>
        </test-method> <!-- loginDetails -->
        <test-method signature="loginDetails(java.lang.String,java.lang.String)[pri:0, instance:testNgxample.AssignQues5@196a42c3]" started-at="2023-10-31T20:18:39 IST" name="loginDetails" data-provider="Cridential" finished-at="2023-10-31T20:19:00 IST" duration-ms="21290" status="PASS">
          <params>
            <param index="0">
              <value>
                <![CDATA[ADMIN]]>
              </value>
            </param>
            <param index="1">
              <value>
                <![CDATA[Admin1234]]>
              </value>
            </param>
          </params>
          <reporter-output>
          </reporter-output>
        </test-method> <!-- loginDetails -->
      </class> <!-- testNgxample.AssignQues5 -->
    </test> <!-- Default test -->
  </suite> <!-- Default suite -->
</testng-results>
